\BOOKMARK [0][-]{chapter.1}{\376\377\000M\000a\000i\000n\000\040\000P\000a\000g\000e}{}% 1
\BOOKMARK [0][-]{chapter.2}{\376\377\000H\000i\000e\000r\000a\000r\000c\000h\000i\000c\000a\000l\000\040\000I\000n\000d\000e\000x}{}% 2
\BOOKMARK [1][-]{section.2.1}{\376\377\000C\000l\000a\000s\000s\000\040\000H\000i\000e\000r\000a\000r\000c\000h\000y}{chapter.2}% 3
\BOOKMARK [0][-]{chapter.3}{\376\377\000C\000l\000a\000s\000s\000\040\000I\000n\000d\000e\000x}{}% 4
\BOOKMARK [1][-]{section.3.1}{\376\377\000C\000l\000a\000s\000s\000\040\000L\000i\000s\000t}{chapter.3}% 5
\BOOKMARK [0][-]{chapter.4}{\376\377\000F\000i\000l\000e\000\040\000I\000n\000d\000e\000x}{}% 6
\BOOKMARK [1][-]{section.4.1}{\376\377\000F\000i\000l\000e\000\040\000L\000i\000s\000t}{chapter.4}% 7
\BOOKMARK [0][-]{chapter.5}{\376\377\000C\000l\000a\000s\000s\000\040\000D\000o\000c\000u\000m\000e\000n\000t\000a\000t\000i\000o\000n}{}% 8
\BOOKMARK [1][-]{section.5.1}{\376\377\000b\000a\000s\000e\000\040\000C\000l\000a\000s\000s\000\040\000R\000e\000f\000e\000r\000e\000n\000c\000e}{chapter.5}% 9
\BOOKMARK [2][-]{subsection.5.1.1}{\376\377\000D\000e\000t\000a\000i\000l\000e\000d\000\040\000D\000e\000s\000c\000r\000i\000p\000t\000i\000o\000n}{section.5.1}% 10
\BOOKMARK [2][-]{subsection.5.1.2}{\376\377\000M\000e\000m\000b\000e\000r\000\040\000F\000u\000n\000c\000t\000i\000o\000n\000\040\000D\000o\000c\000u\000m\000e\000n\000t\000a\000t\000i\000o\000n}{section.5.1}% 11
\BOOKMARK [3][-]{subsubsection.5.1.2.1}{\376\377\000r\000e\000a\000d\000\137\000F\000o\000o\000t\000e\000r}{subsection.5.1.2}% 12
\BOOKMARK [3][-]{subsubsection.5.1.2.2}{\376\377\000r\000e\000a\000d\000\137\000H\000e\000a\000d\000e\000r}{subsection.5.1.2}% 13
\BOOKMARK [3][-]{subsubsection.5.1.2.3}{\376\377\000w\000r\000i\000t\000e\000\137\000H\000a\000t\000c\000h\000\137\000E\000n\000d}{subsection.5.1.2}% 14
\BOOKMARK [3][-]{subsubsection.5.1.2.4}{\376\377\000w\000r\000i\000t\000e\000\137\000H\000a\000t\000c\000h\000\137\000S\000t\000a\000r\000t}{subsection.5.1.2}% 15
\BOOKMARK [2][-]{subsection.5.1.3}{\376\377\000M\000e\000m\000b\000e\000r\000\040\000D\000a\000t\000a\000\040\000D\000o\000c\000u\000m\000e\000n\000t\000a\000t\000i\000o\000n}{section.5.1}% 16
\BOOKMARK [3][-]{subsubsection.5.1.3.1}{\376\377\000c\000o\000l\000o\000r}{subsection.5.1.3}% 17
\BOOKMARK [3][-]{subsubsection.5.1.3.2}{\376\377\000d\000x\000f\000\137\000f\000i\000l\000e\000n\000a\000m\000e}{subsection.5.1.3}% 18
\BOOKMARK [3][-]{subsubsection.5.1.3.3}{\376\377\000e\000d\000g\000e\000\137\000t\000y\000p\000e}{subsection.5.1.3}% 19
\BOOKMARK [3][-]{subsubsection.5.1.3.4}{\376\377\000e\000d\000g\000e\000s}{subsection.5.1.3}% 20
\BOOKMARK [3][-]{subsubsection.5.1.3.5}{\376\377\000f\000l\000a\000g}{subsection.5.1.3}% 21
\BOOKMARK [3][-]{subsubsection.5.1.3.6}{\376\377\000l\000a\000y\000e\000r}{subsection.5.1.3}% 22
\BOOKMARK [3][-]{subsubsection.5.1.3.7}{\376\377\000n\000a\000m\000e}{subsection.5.1.3}% 23
\BOOKMARK [3][-]{subsubsection.5.1.3.8}{\376\377\000p\000a\000t\000t\000e\000r\000n\000\137\000n\000a\000m\000e}{subsection.5.1.3}% 24
\BOOKMARK [3][-]{subsubsection.5.1.3.9}{\376\377\000r\000a\000d\000i\000u\000s}{subsection.5.1.3}% 25
\BOOKMARK [3][-]{subsubsection.5.1.3.10}{\376\377\000r\000e\000a\000d\000F\000i\000l\000e}{subsection.5.1.3}% 26
\BOOKMARK [3][-]{subsubsection.5.1.3.11}{\376\377\000r\000e\000a\000d\000w\000r\000i\000t\000e}{subsection.5.1.3}% 27
\BOOKMARK [3][-]{subsubsection.5.1.3.12}{\376\377\000w\000r\000i\000t\000e\000F\000i\000l\000e}{subsection.5.1.3}% 28
\BOOKMARK [3][-]{subsubsection.5.1.3.13}{\376\377\000x\000E\000n\000d}{subsection.5.1.3}% 29
\BOOKMARK [3][-]{subsubsection.5.1.3.14}{\376\377\000x\000M\000i\000d}{subsection.5.1.3}% 30
\BOOKMARK [3][-]{subsubsection.5.1.3.15}{\376\377\000x\000S\000t\000a\000r\000t}{subsection.5.1.3}% 31
\BOOKMARK [3][-]{subsubsection.5.1.3.16}{\376\377\000y\000E\000n\000d}{subsection.5.1.3}% 32
\BOOKMARK [3][-]{subsubsection.5.1.3.17}{\376\377\000y\000M\000i\000d}{subsection.5.1.3}% 33
\BOOKMARK [3][-]{subsubsection.5.1.3.18}{\376\377\000y\000S\000t\000a\000r\000t}{subsection.5.1.3}% 34
\BOOKMARK [3][-]{subsubsection.5.1.3.19}{\376\377\000z\000E\000n\000d}{subsection.5.1.3}% 35
\BOOKMARK [3][-]{subsubsection.5.1.3.20}{\376\377\000z\000S\000t\000a\000r\000t}{subsection.5.1.3}% 36
\BOOKMARK [1][-]{section.5.2}{\376\377\000c\000i\000r\000c\000l\000e\000\040\000C\000l\000a\000s\000s\000\040\000R\000e\000f\000e\000r\000e\000n\000c\000e}{chapter.5}% 37
\BOOKMARK [2][-]{subsection.5.2.1}{\376\377\000D\000e\000t\000a\000i\000l\000e\000d\000\040\000D\000e\000s\000c\000r\000i\000p\000t\000i\000o\000n}{section.5.2}% 38
\BOOKMARK [2][-]{subsection.5.2.2}{\376\377\000C\000o\000n\000s\000t\000r\000u\000c\000t\000o\000r\000\040\000\046\000\040\000D\000e\000s\000t\000r\000u\000c\000t\000o\000r\000\040\000D\000o\000c\000u\000m\000e\000n\000t\000a\000t\000i\000o\000n}{section.5.2}% 39
\BOOKMARK [3][-]{subsubsection.5.2.2.1}{\376\377\000c\000i\000r\000c\000l\000e}{subsection.5.2.2}% 40
\BOOKMARK [3][-]{subsubsection.5.2.2.2}{\376\377\000c\000i\000r\000c\000l\000e}{subsection.5.2.2}% 41
\BOOKMARK [3][-]{subsubsection.5.2.2.3}{\376\377\000c\000i\000r\000c\000l\000e}{subsection.5.2.2}% 42
\BOOKMARK [1][-]{section.5.3}{\376\377\000d\000x\000f\000\040\000C\000l\000a\000s\000s\000\040\000R\000e\000f\000e\000r\000e\000n\000c\000e}{chapter.5}% 43
\BOOKMARK [2][-]{subsection.5.3.1}{\376\377\000D\000e\000t\000a\000i\000l\000e\000d\000\040\000D\000e\000s\000c\000r\000i\000p\000t\000i\000o\000n}{section.5.3}% 44
\BOOKMARK [2][-]{subsection.5.3.2}{\376\377\000C\000o\000n\000s\000t\000r\000u\000c\000t\000o\000r\000\040\000\046\000\040\000D\000e\000s\000t\000r\000u\000c\000t\000o\000r\000\040\000D\000o\000c\000u\000m\000e\000n\000t\000a\000t\000i\000o\000n}{section.5.3}% 45
\BOOKMARK [3][-]{subsubsection.5.3.2.1}{\376\377\000d\000x\000f}{subsection.5.3.2}% 46
\BOOKMARK [2][-]{subsection.5.3.3}{\376\377\000M\000e\000m\000b\000e\000r\000\040\000F\000u\000n\000c\000t\000i\000o\000n\000\040\000D\000o\000c\000u\000m\000e\000n\000t\000a\000t\000i\000o\000n}{section.5.3}% 47
\BOOKMARK [3][-]{subsubsection.5.3.3.1}{\376\377\000s\000a\000v\000e}{subsection.5.3.3}% 48
\BOOKMARK [3][-]{subsubsection.5.3.3.2}{\376\377\000w\000r\000i\000t\000e\000\137\000C\000i\000r\000c\000l\000e}{subsection.5.3.3}% 49
\BOOKMARK [3][-]{subsubsection.5.3.3.3}{\376\377\000w\000r\000i\000t\000e\000\137\000C\000i\000r\000c\000l\000e}{subsection.5.3.3}% 50
\BOOKMARK [3][-]{subsubsection.5.3.3.4}{\376\377\000w\000r\000i\000t\000e\000\137\000C\000i\000r\000c\000l\000e}{subsection.5.3.3}% 51
\BOOKMARK [3][-]{subsubsection.5.3.3.5}{\376\377\000w\000r\000i\000t\000e\000\137\000H\000a\000t\000c\000h\000\137\000C\000i\000r\000c\000l\000e}{subsection.5.3.3}% 52
\BOOKMARK [3][-]{subsubsection.5.3.3.6}{\376\377\000w\000r\000i\000t\000e\000\137\000H\000a\000t\000c\000h\000\137\000R\000e\000c\000t}{subsection.5.3.3}% 53
\BOOKMARK [3][-]{subsubsection.5.3.3.7}{\376\377\000w\000r\000i\000t\000e\000\137\000L\000i\000n\000e}{subsection.5.3.3}% 54
\BOOKMARK [3][-]{subsubsection.5.3.3.8}{\376\377\000w\000r\000i\000t\000e\000\137\000R\000e\000c\000t}{subsection.5.3.3}% 55
\BOOKMARK [3][-]{subsubsection.5.3.3.9}{\376\377\000w\000r\000i\000t\000e\000\137\000R\000e\000c\000t}{subsection.5.3.3}% 56
\BOOKMARK [3][-]{subsubsection.5.3.3.10}{\376\377\000w\000r\000i\000t\000e\000\137\000R\000e\000c\000t}{subsection.5.3.3}% 57
\BOOKMARK [1][-]{section.5.4}{\376\377\000l\000i\000n\000e\000\040\000C\000l\000a\000s\000s\000\040\000R\000e\000f\000e\000r\000e\000n\000c\000e}{chapter.5}% 58
\BOOKMARK [2][-]{subsection.5.4.1}{\376\377\000D\000e\000t\000a\000i\000l\000e\000d\000\040\000D\000e\000s\000c\000r\000i\000p\000t\000i\000o\000n}{section.5.4}% 59
\BOOKMARK [2][-]{subsection.5.4.2}{\376\377\000C\000o\000n\000s\000t\000r\000u\000c\000t\000o\000r\000\040\000\046\000\040\000D\000e\000s\000t\000r\000u\000c\000t\000o\000r\000\040\000D\000o\000c\000u\000m\000e\000n\000t\000a\000t\000i\000o\000n}{section.5.4}% 60
\BOOKMARK [3][-]{subsubsection.5.4.2.1}{\376\377\000l\000i\000n\000e}{subsection.5.4.2}% 61
\BOOKMARK [1][-]{section.5.5}{\376\377\000p\000o\000i\000n\000t\000\040\000C\000l\000a\000s\000s\000\040\000R\000e\000f\000e\000r\000e\000n\000c\000e}{chapter.5}% 62
\BOOKMARK [2][-]{subsection.5.5.1}{\376\377\000D\000e\000t\000a\000i\000l\000e\000d\000\040\000D\000e\000s\000c\000r\000i\000p\000t\000i\000o\000n}{section.5.5}% 63
\BOOKMARK [2][-]{subsection.5.5.2}{\376\377\000C\000o\000n\000s\000t\000r\000u\000c\000t\000o\000r\000\040\000\046\000\040\000D\000e\000s\000t\000r\000u\000c\000t\000o\000r\000\040\000D\000o\000c\000u\000m\000e\000n\000t\000a\000t\000i\000o\000n}{section.5.5}% 64
\BOOKMARK [3][-]{subsubsection.5.5.2.1}{\376\377\000p\000o\000i\000n\000t}{subsection.5.5.2}% 65
\BOOKMARK [2][-]{subsection.5.5.3}{\376\377\000M\000e\000m\000b\000e\000r\000\040\000D\000a\000t\000a\000\040\000D\000o\000c\000u\000m\000e\000n\000t\000a\000t\000i\000o\000n}{section.5.5}% 66
\BOOKMARK [3][-]{subsubsection.5.5.3.1}{\376\377\000x\000C\000o}{subsection.5.5.3}% 67
\BOOKMARK [3][-]{subsubsection.5.5.3.2}{\376\377\000y\000C\000o}{subsection.5.5.3}% 68
\BOOKMARK [3][-]{subsubsection.5.5.3.3}{\376\377\000z\000C\000o}{subsection.5.5.3}% 69
\BOOKMARK [1][-]{section.5.6}{\376\377\000r\000e\000c\000t\000a\000n\000g\000l\000e\000\040\000C\000l\000a\000s\000s\000\040\000R\000e\000f\000e\000r\000e\000n\000c\000e}{chapter.5}% 70
\BOOKMARK [2][-]{subsection.5.6.1}{\376\377\000D\000e\000t\000a\000i\000l\000e\000d\000\040\000D\000e\000s\000c\000r\000i\000p\000t\000i\000o\000n}{section.5.6}% 71
\BOOKMARK [2][-]{subsection.5.6.2}{\376\377\000C\000o\000n\000s\000t\000r\000u\000c\000t\000o\000r\000\040\000\046\000\040\000D\000e\000s\000t\000r\000u\000c\000t\000o\000r\000\040\000D\000o\000c\000u\000m\000e\000n\000t\000a\000t\000i\000o\000n}{section.5.6}% 72
\BOOKMARK [3][-]{subsubsection.5.6.2.1}{\376\377\000r\000e\000c\000t\000a\000n\000g\000l\000e}{subsection.5.6.2}% 73
\BOOKMARK [3][-]{subsubsection.5.6.2.2}{\376\377\000r\000e\000c\000t\000a\000n\000g\000l\000e}{subsection.5.6.2}% 74
\BOOKMARK [0][-]{chapter.6}{\376\377\000F\000i\000l\000e\000\040\000D\000o\000c\000u\000m\000e\000n\000t\000a\000t\000i\000o\000n}{}% 75
\BOOKMARK [1][-]{section.6.1}{\376\377\000i\000n\000c\000l\000u\000d\000e\000/\000d\000x\000f\000\137\0002\000D\000.\000h\000\040\000F\000i\000l\000e\000\040\000R\000e\000f\000e\000r\000e\000n\000c\000e}{chapter.6}% 76
\BOOKMARK [2][-]{subsection.6.1.1}{\376\377\000D\000e\000t\000a\000i\000l\000e\000d\000\040\000D\000e\000s\000c\000r\000i\000p\000t\000i\000o\000n}{section.6.1}% 77
\BOOKMARK [1][-]{section.6.2}{\376\377\000s\000r\000c\000/\000d\000x\000f\000\137\000b\000a\000s\000e\000.\000c\000p\000p\000\040\000F\000i\000l\000e\000\040\000R\000e\000f\000e\000r\000e\000n\000c\000e}{chapter.6}% 78
\BOOKMARK [2][-]{subsection.6.2.1}{\376\377\000D\000e\000t\000a\000i\000l\000e\000d\000\040\000D\000e\000s\000c\000r\000i\000p\000t\000i\000o\000n}{section.6.2}% 79
\BOOKMARK [1][-]{section.6.3}{\376\377\000s\000r\000c\000/\000d\000x\000f\000\137\000c\000i\000r\000c\000l\000e\000.\000c\000p\000p\000\040\000F\000i\000l\000e\000\040\000R\000e\000f\000e\000r\000e\000n\000c\000e}{chapter.6}% 80
\BOOKMARK [2][-]{subsection.6.3.1}{\376\377\000D\000e\000t\000a\000i\000l\000e\000d\000\040\000D\000e\000s\000c\000r\000i\000p\000t\000i\000o\000n}{section.6.3}% 81
\BOOKMARK [1][-]{section.6.4}{\376\377\000s\000r\000c\000/\000d\000x\000f\000\137\000d\000x\000f\000.\000c\000p\000p\000\040\000F\000i\000l\000e\000\040\000R\000e\000f\000e\000r\000e\000n\000c\000e}{chapter.6}% 82
\BOOKMARK [2][-]{subsection.6.4.1}{\376\377\000D\000e\000t\000a\000i\000l\000e\000d\000\040\000D\000e\000s\000c\000r\000i\000p\000t\000i\000o\000n}{section.6.4}% 83
\BOOKMARK [1][-]{section.6.5}{\376\377\000s\000r\000c\000/\000d\000x\000f\000\137\000l\000i\000n\000e\000.\000c\000p\000p\000\040\000F\000i\000l\000e\000\040\000R\000e\000f\000e\000r\000e\000n\000c\000e}{chapter.6}% 84
\BOOKMARK [2][-]{subsection.6.5.1}{\376\377\000D\000e\000t\000a\000i\000l\000e\000d\000\040\000D\000e\000s\000c\000r\000i\000p\000t\000i\000o\000n}{section.6.5}% 85
\BOOKMARK [1][-]{section.6.6}{\376\377\000s\000r\000c\000/\000d\000x\000f\000\137\000p\000o\000i\000n\000t\000.\000c\000p\000p\000\040\000F\000i\000l\000e\000\040\000R\000e\000f\000e\000r\000e\000n\000c\000e}{chapter.6}% 86
\BOOKMARK [2][-]{subsection.6.6.1}{\376\377\000D\000e\000t\000a\000i\000l\000e\000d\000\040\000D\000e\000s\000c\000r\000i\000p\000t\000i\000o\000n}{section.6.6}% 87
\BOOKMARK [1][-]{section.6.7}{\376\377\000s\000r\000c\000/\000d\000x\000f\000\137\000r\000e\000c\000t\000.\000c\000p\000p\000\040\000F\000i\000l\000e\000\040\000R\000e\000f\000e\000r\000e\000n\000c\000e}{chapter.6}% 88
\BOOKMARK [2][-]{subsection.6.7.1}{\376\377\000D\000e\000t\000a\000i\000l\000e\000d\000\040\000D\000e\000s\000c\000r\000i\000p\000t\000i\000o\000n}{section.6.7}% 89
\BOOKMARK [-1][-]{subsection.6.7.1}{\376\377\000I\000n\000d\000e\000x}{}% 90
